<?xml version="1.0" encoding="UTF-8"?>
<!-- Generated by org.testng.reporters.JUnitReportReporter -->
<testsuite skipped="0" hostname="DESKTOP-HUIK8F3" name="TestProgram" tests="1" failures="0" timestamp="06 May 2020 07:06:29 GMT" time="12.652" errors="0">
  <testcase name="flipcartLogin" time="12.652" classname="TestProgram"/>
</testsuite> <!-- TestProgram -->
